netcon/Netcon-Android/proj/app/build/outputs/logs/manifest-merger-debug-report.txt
-- Merging decision tree log ---
manifest
ADDED from src/main/AndroidManifest.xml:2:1-93:12
	xmlns:android
		ADDED from src/main/AndroidManifest.xml:2:11-69
	package
		ADDED from src/main/AndroidManifest.xml:3:5-31
		INJECTED from src/main/AndroidManifest.xml
		INJECTED from src/main/AndroidManifest.xml
	android:versionName
		INJECTED from src/main/AndroidManifest.xml
		INJECTED from src/main/AndroidManifest.xml
	android:versionCode
		INJECTED from src/main/AndroidManifest.xml
		INJECTED from src/main/AndroidManifest.xml
uses-permission#android.permission.INTERNET
ADDED from src/main/AndroidManifest.xml:5:5-67
MERGED from [com.google.android.gms:play-services-analytics:8.4.0] AndroidManifest.xml:21:5-67
	android:name
		ADDED from src/main/AndroidManifest.xml:5:22-64
uses-permission#android.permission.ACCESS_NETWORK_STATE
ADDED from src/main/AndroidManifest.xml:6:5-79
MERGED from [com.google.android.gms:play-services-analytics:8.4.0] AndroidManifest.xml:22:5-79
	android:name
		ADDED from src/main/AndroidManifest.xml:6:22-76
uses-permission#android.permission.RECEIVE_BOOT_COMPLETED
ADDED from src/main/AndroidManifest.xml:7:5-81
	android:name
		ADDED from src/main/AndroidManifest.xml:7:22-78
application
ADDED from src/main/AndroidManifest.xml:9:5-91:19
MERGED from [com.android.support:appcompat-v7:23.1.1] AndroidManifest.xml:22:5-20
MERGED from [com.android.support:support-v4:23.1.1] AndroidManifest.xml:22:5-20
MERGED from [com.android.support:support-v4:23.1.1] AndroidManifest.xml:22:5-20
MERGED from [com.google.android.gms:play-services-analytics:8.4.0] AndroidManifest.xml:24:5-20
MERGED from [com.google.android.gms:play-services-basement:8.4.0] AndroidManifest.xml:20:5-24:19
MERGED from [com.android.support:support-v4:23.1.1] AndroidManifest.xml:22:5-20
	android:label
		ADDED from src/main/AndroidManifest.xml:13:9-41
	android:allowBackup
		ADDED from src/main/AndroidManifest.xml:11:9-35
	android:icon
		ADDED from src/main/AndroidManifest.xml:12:9-43
	android:theme
		ADDED from src/main/AndroidManifest.xml:14:9-40
	android:name
		ADDED from src/main/AndroidManifest.xml:10:9-45
service#com.zerotier.one.service.ZeroTierOneService
ADDED from src/main/AndroidManifest.xml:15:9-23:19
	android:exported
		ADDED from src/main/AndroidManifest.xml:18:13-36
	android:enabled
		ADDED from src/main/AndroidManifest.xml:17:13-35
	android:permission
		ADDED from src/main/AndroidManifest.xml:19:13-69
	android:name
		ADDED from src/main/AndroidManifest.xml:16:13-55
intent-filter#android.net.VpnService
ADDED from src/main/AndroidManifest.xml:20:13-22:29
action#android.net.VpnService
ADDED from src/main/AndroidManifest.xml:21:17-65
	android:name
		ADDED from src/main/AndroidManifest.xml:21:25-62
activity#com.zerotier.one.ui.NetworkListActivity
ADDED from src/main/AndroidManifest.xml:25:9-33:20
	android:label
		ADDED from src/main/AndroidManifest.xml:27:13-45
	android:name
		ADDED from src/main/AndroidManifest.xml:26:13-51
intent-filter#android.intent.action.MAIN+android.intent.category.LAUNCHER
ADDED from src/main/AndroidManifest.xml:28:13-32:29
action#android.intent.action.MAIN
ADDED from src/main/AndroidManifest.xml:29:17-69
	android:name
		ADDED from src/main/AndroidManifest.xml:29:25-66
category#android.intent.category.LAUNCHER
ADDED from src/main/AndroidManifest.xml:31:17-77
	android:name
		ADDED from src/main/AndroidManifest.xml:31:27-74
activity#com.zerotier.one.ui.JoinNetworkActivity
ADDED from src/main/AndroidManifest.xml:34:9-37:20
	android:label
		ADDED from src/main/AndroidManifest.xml:36:13-41
	android:name
		ADDED from src/main/AndroidManifest.xml:35:13-51
activity#com.zerotier.one.ui.PrefsActivity
ADDED from src/main/AndroidManifest.xml:38:9-40:48
	android:label
		ADDED from src/main/AndroidManifest.xml:40:13-45
	android:name
		ADDED from src/main/AndroidManifest.xml:39:13-45
receiver#com.zerotier.one.service.StartupReceiver
ADDED from src/main/AndroidManifest.xml:42:9-48:20
	android:exported
		ADDED from src/main/AndroidManifest.xml:44:13-36
	android:name
		ADDED from src/main/AndroidManifest.xml:43:13-52
intent-filter#android.intent.action.BOOT_COMPLETED
ADDED from src/main/AndroidManifest.xml:45:13-47:29
action#android.intent.action.BOOT_COMPLETED
ADDED from src/main/AndroidManifest.xml:46:17-79
	android:name
		ADDED from src/main/AndroidManifest.xml:46:25-76
receiver#com.google.android.gms.analytics.AnalyticsReceiver
ADDED from src/main/AndroidManifest.xml:52:9-57:20
	android:enabled
		ADDED from src/main/AndroidManifest.xml:53:13-35
	android:name
		ADDED from src/main/AndroidManifest.xml:52:19-84
intent-filter#com.google.android.gms.analytics.ANALYTICS_DISPATCH
ADDED from src/main/AndroidManifest.xml:54:13-56:29
action#com.google.android.gms.analytics.ANALYTICS_DISPATCH
ADDED from src/main/AndroidManifest.xml:55:17-94
	android:name
		ADDED from src/main/AndroidManifest.xml:55:25-91
service#com.google.android.gms.analytics.AnalyticsService
ADDED from src/main/AndroidManifest.xml:58:9-60:39
	android:exported
		ADDED from src/main/AndroidManifest.xml:60:13-37
	android:enabled
		ADDED from src/main/AndroidManifest.xml:59:13-35
	android:name
		ADDED from src/main/AndroidManifest.xml:58:18-82
receiver#com.google.android.gms.analytics.CampaignTrackingReceiver
ADDED from src/main/AndroidManifest.xml:64:9-69:20
	android:exported
		ADDED from src/main/AndroidManifest.xml:65:13-36
	android:name
		ADDED from src/main/AndroidManifest.xml:64:19-91
intent-filter#com.android.vending.INSTALL_REFERRER
ADDED from src/main/AndroidManifest.xml:66:13-68:29
action#com.android.vending.INSTALL_REFERRER
ADDED from src/main/AndroidManifest.xml:67:17-79
	android:name
		ADDED from src/main/AndroidManifest.xml:67:25-76
service#com.google.android.gms.analytics.CampaignTrackingService
ADDED from src/main/AndroidManifest.xml:70:9-92
	android:name
		ADDED from src/main/AndroidManifest.xml:70:18-89
service#com.zerotier.one.service.RuntimeService
ADDED from src/main/AndroidManifest.xml:82:9-86:19
	android:exported
		ADDED from src/main/AndroidManifest.xml:85:13-36
	android:enabled
		ADDED from src/main/AndroidManifest.xml:84:13-35
	android:name
		ADDED from src/main/AndroidManifest.xml:83:13-51
meta-data#com.google.android.gms.version
ADDED from src/main/AndroidManifest.xml:88:9-90:69
MERGED from [com.google.android.gms:play-services-basement:8.4.0] AndroidManifest.xml:21:9-23:69
	android:name
		ADDED from src/main/AndroidManifest.xml:89:13-58
	android:value
		ADDED from src/main/AndroidManifest.xml:90:13-66
uses-sdk
INJECTED from src/main/AndroidManifest.xml reason: use-sdk injection requested
MERGED from [com.android.support:appcompat-v7:23.1.1] AndroidManifest.xml:20:5-43
MERGED from [com.android.support:support-v4:23.1.1] AndroidManifest.xml:20:5-43
MERGED from [com.android.support:support-v4:23.1.1] AndroidManifest.xml:20:5-43
MERGED from [com.google.android.gms:play-services-analytics:8.4.0] AndroidManifest.xml:18:5-42
MERGED from [com.google.android.gms:play-services-basement:8.4.0] AndroidManifest.xml:18:5-42
MERGED from [com.android.support:support-v4:23.1.1] AndroidManifest.xml:20:5-43
	android:targetSdkVersion
		INJECTED from src/main/AndroidManifest.xml
		INJECTED from src/main/AndroidManifest.xml
	android:minSdkVersion
		INJECTED from src/main/AndroidManifest.xml
		INJECTED from src/main/AndroidManifest.xml